<?xml version="1.0" encoding="UTF-8"?>
<testsuite name="com.example.domain.service.ClienteServiceTest" tests="1" skipped="0" failures="0" errors="0" timestamp="2016-05-16T18:15:00" hostname="STFPOAC024493-L" time="0.159">
  <properties/>
  <testcase name="testIsValidInventory" classname="com.example.domain.service.ClienteServiceTest" time="0.159"/>
  <system-out><![CDATA[]]></system-out>
  <system-err><![CDATA[]]></system-err>
</testsuite>
